<?xml version="1.0" encoding="UTF-8"?>
<testng-results skipped="0" failed="0" ignored="0" total="1" passed="1">
  <reporter-output>
  </reporter-output>
  <suite name="Suite" duration-ms="83" started-at="2017-06-14T20:09:47Z" finished-at="2017-06-14T20:09:47Z">
    <groups>
    </groups>
    <test name="Test" duration-ms="83" started-at="2017-06-14T20:09:47Z" finished-at="2017-06-14T20:09:47Z">
      <class name="com.TestngPkg.TestNgPrj.App">
        <test-method status="PASS" signature="ecMth()[pri:0, instance:com.TestngPkg.TestNgPrj.App@174d20a]" name="ecMth" duration-ms="47" started-at="2017-06-15T01:39:47Z" finished-at="2017-06-15T01:39:47Z">
          <reporter-output>
          </reporter-output>
        </test-method> <!-- ecMth -->
      </class> <!-- com.TestngPkg.TestNgPrj.App -->
    </test> <!-- Test -->
  </suite> <!-- Suite -->
</testng-results>
